set -e; : '  CHK     include/config/uboot.release'; mkdir -p include/config/; 	echo "2014.10-RK3399-06$(/bin/bash /mnt/sda4/develop/rk3399/src/android-8.1/u-boot/scripts/setlocalversion /mnt/sda4/develop/rk3399/src/android-8.1/u-boot)" < include/config/auto.conf > include/config/uboot.release.tmp; if [ -r include/config/uboot.release ] && cmp -s include/config/uboot.release include/config/uboot.release.tmp; then rm -f include/config/uboot.release.tmp; else : '  UPD     include/config/uboot.release'; mv -f include/config/uboot.release.tmp include/config/uboot.release; fi
set -e; : '  CHK     include/generated/version_autogenerated.h'; mkdir -p include/generated/; 	(echo \#define PLAIN_VERSION \"2014.10-RK3399-06\"; echo \#define U_BOOT_VERSION \"U-Boot \" PLAIN_VERSION; echo \#define CC_VERSION_STRING \"$(/mnt/sda4/develop/rk3399/src/android-8.1/u-boot/../prebuilts/gcc/linux-x86/aarch64/aarch64-linux-android-4.9/bin/aarch64-linux-android-gcc --version | head -n 1)\"; echo \#define LD_VERSION_STRING \"$(/mnt/sda4/develop/rk3399/src/android-8.1/u-boot/../prebuilts/gcc/linux-x86/aarch64/aarch64-linux-android-4.9/bin/aarch64-linux-android-ld.bfd --version | head -n 1)\"; ) < include/config/uboot.release > include/generated/version_autogenerated.h.tmp; if [ -r include/generated/version_autogenerated.h ] && cmp -s include/generated/version_autogenerated.h include/generated/version_autogenerated.h.tmp; then rm -f include/generated/version_autogenerated.h.tmp; else : '  UPD     include/generated/version_autogenerated.h'; mv -f include/generated/version_autogenerated.h.tmp include/generated/version_autogenerated.h; fi
set -e; : '  CHK     include/generated/timestamp_autogenerated.h'; mkdir -p include/generated/; 	(LC_ALL=C date +'#define U_BOOT_DATE "%b %d %C%y"'; LC_ALL=C date +'#define U_BOOT_TIME "%T"'; date +'#define U_BOOT_TIMESTAMP "%F_%0H:%0M:%0S"';) < /mnt/sda4/develop/rk3399/src/android-8.1/u-boot/Makefile > include/generated/timestamp_autogenerated.h.tmp; if [ -r include/generated/timestamp_autogenerated.h ] && cmp -s include/generated/timestamp_autogenerated.h include/generated/timestamp_autogenerated.h.tmp; then rm -f include/generated/timestamp_autogenerated.h.tmp; else : '  UPD     include/generated/timestamp_autogenerated.h'; mv -f include/generated/timestamp_autogenerated.h.tmp include/generated/timestamp_autogenerated.h; fi
make -f scripts/Makefile.build obj=scripts/basic
rm -f .tmp_quiet_recordmcount
make -f scripts/Makefile.build obj=.
mkdir -p lib/
mkdir -p arch/arm/lib/
make -f scripts/Makefile.build obj=tools
  cc -Wp,-MD,tools/.dumpimage.o.d -Wall -Wstrict-prototypes -O2 -fomit-frame-pointer   -include /mnt/sda4/develop/rk3399/src/android-8.1/u-boot/include/libfdt_env.h -idirafterinclude -idirafter/mnt/sda4/develop/rk3399/src/android-8.1/u-boot/arch/arm/include -I/mnt/sda4/develop/rk3399/src/android-8.1/u-boot/lib/libfdt -I/mnt/sda4/develop/rk3399/src/android-8.1/u-boot/tools -DCONFIG_SYS_TEXT_BASE=0x00200000 -DUSE_HOSTCC -D__KERNEL_STRICT_NAMES -D_GNU_SOURCE  -c -o tools/dumpimage.o tools/dumpimage.c
  cc -Wp,-MD,tools/.image-host.o.d -Wall -Wstrict-prototypes -O2 -fomit-frame-pointer   -include /mnt/sda4/develop/rk3399/src/android-8.1/u-boot/include/libfdt_env.h -idirafterinclude -idirafter/mnt/sda4/develop/rk3399/src/android-8.1/u-boot/arch/arm/include -I/mnt/sda4/develop/rk3399/src/android-8.1/u-boot/lib/libfdt -I/mnt/sda4/develop/rk3399/src/android-8.1/u-boot/tools -DCONFIG_SYS_TEXT_BASE=0x00200000 -DUSE_HOSTCC -D__KERNEL_STRICT_NAMES -D_GNU_SOURCE  -c -o tools/image-host.o tools/image-host.c
  cc -Wp,-MD,tools/.loaderimage.o.d -Wall -Wstrict-prototypes -O2 -fomit-frame-pointer   -include /mnt/sda4/develop/rk3399/src/android-8.1/u-boot/include/libfdt_env.h -idirafterinclude -idirafter/mnt/sda4/develop/rk3399/src/android-8.1/u-boot/arch/arm/include -I/mnt/sda4/develop/rk3399/src/android-8.1/u-boot/lib/libfdt -I/mnt/sda4/develop/rk3399/src/android-8.1/u-boot/tools -DCONFIG_SYS_TEXT_BASE=0x00200000 -DUSE_HOSTCC -D__KERNEL_STRICT_NAMES -D_GNU_SOURCE  -c -o tools/loaderimage.o tools/loaderimage.c
  cc -Wp,-MD,tools/.mkenvimage.o.d -Wall -Wstrict-prototypes -O2 -fomit-frame-pointer   -include /mnt/sda4/develop/rk3399/src/android-8.1/u-boot/include/libfdt_env.h -idirafterinclude -idirafter/mnt/sda4/develop/rk3399/src/android-8.1/u-boot/arch/arm/include -I/mnt/sda4/develop/rk3399/src/android-8.1/u-boot/lib/libfdt -I/mnt/sda4/develop/rk3399/src/android-8.1/u-boot/tools -DCONFIG_SYS_TEXT_BASE=0x00200000 -DUSE_HOSTCC -D__KERNEL_STRICT_NAMES -D_GNU_SOURCE  -c -o tools/mkenvimage.o tools/mkenvimage.c
  cc -Wp,-MD,tools/.mkimage.o.d -Wall -Wstrict-prototypes -O2 -fomit-frame-pointer   -include /mnt/sda4/develop/rk3399/src/android-8.1/u-boot/include/libfdt_env.h -idirafterinclude -idirafter/mnt/sda4/develop/rk3399/src/android-8.1/u-boot/arch/arm/include -I/mnt/sda4/develop/rk3399/src/android-8.1/u-boot/lib/libfdt -I/mnt/sda4/develop/rk3399/src/android-8.1/u-boot/tools -DCONFIG_SYS_TEXT_BASE=0x00200000 -DUSE_HOSTCC -D__KERNEL_STRICT_NAMES -D_GNU_SOURCE  -c -o tools/mkimage.o tools/mkimage.c
  cc  -o tools/mkenvimage tools/mkenvimage.o tools/os_support.o tools/lib/crc32.o  
  cc  -o tools/dumpimage tools/aisimage.o tools/atmelimage.o tools/common/bootm.o tools/lib/crc32.o tools/default_image.o tools/lib/fdtdec_common.o tools/lib/fdtdec.o tools/fit_common.o tools/fit_image.o tools/gpimage.o tools/gpimage-common.o tools/common/image-fit.o tools/image-host.o tools/common/image.o tools/imagetool.o tools/imximage.o tools/kwbimage.o tools/lib/md5.o tools/mxsimage.o tools/omapimage.o tools/os_support.o tools/pblimage.o tools/pbl_crc32.o tools/socfpgaimage.o tools/lib/sha1.o tools/lib/sha256.o tools/common/hash.o tools/ublimage.o tools/lib/libfdt/fdt.o tools/lib/libfdt/fdt_ro.o tools/lib/libfdt/fdt_rw.o tools/lib/libfdt/fdt_strerror.o tools/lib/libfdt/fdt_wip.o tools/dumpimage.o  
  cc  -o tools/mkimage tools/aisimage.o tools/atmelimage.o tools/common/bootm.o tools/lib/crc32.o tools/default_image.o tools/lib/fdtdec_common.o tools/lib/fdtdec.o tools/fit_common.o tools/fit_image.o tools/gpimage.o tools/gpimage-common.o tools/common/image-fit.o tools/image-host.o tools/common/image.o tools/imagetool.o tools/imximage.o tools/kwbimage.o tools/lib/md5.o tools/mxsimage.o tools/omapimage.o tools/os_support.o tools/pblimage.o tools/pbl_crc32.o tools/socfpgaimage.o tools/lib/sha1.o tools/lib/sha256.o tools/common/hash.o tools/ublimage.o tools/lib/libfdt/fdt.o tools/lib/libfdt/fdt_ro.o tools/lib/libfdt/fdt_rw.o tools/lib/libfdt/fdt_strerror.o tools/lib/libfdt/fdt_wip.o tools/mkimage.o  
  cc -Wp,-MD,tools/.boot_merger.d -Wall -Wstrict-prototypes -O2 -fomit-frame-pointer   -include /mnt/sda4/develop/rk3399/src/android-8.1/u-boot/include/libfdt_env.h -idirafterinclude -idirafter/mnt/sda4/develop/rk3399/src/android-8.1/u-boot/arch/arm/include -I/mnt/sda4/develop/rk3399/src/android-8.1/u-boot/lib/libfdt -I/mnt/sda4/develop/rk3399/src/android-8.1/u-boot/tools -DCONFIG_SYS_TEXT_BASE=0x00200000 -DUSE_HOSTCC -D__KERNEL_STRICT_NAMES -D_GNU_SOURCE  -o tools/boot_merger tools/boot_merger.c  
  cc  -o tools/loaderimage tools/loaderimage.o tools/lib/sha.o tools/lib/sha256.o tools/lib/crc32_rk.o  
  cc  -o tools/trust_merger tools/trust_merger.o tools/lib/sha2.o tools/lib/sha256.o  
  cc  -o tools/checksum tools/checksum.o tools/lib/crc32_rk.o  
make -f scripts/Makefile.build obj=arch/arm/cpu
make -f scripts/Makefile.build obj=arch/arm/cpu/armv8
make -f scripts/Makefile.build obj=arch/arm/cpu/armv8/rk33xx
make -f scripts/Makefile.build obj=arch/arm/lib
make -f scripts/Makefile.build obj=board/rockchip/common
  /mnt/sda4/develop/rk3399/src/android-8.1/u-boot/../prebuilts/gcc/linux-x86/aarch64/aarch64-linux-android-4.9/bin/aarch64-linux-android-gcc -Wp,-MD,board/rockchip/common/rkboot/.fastboot.o.d  -nostdinc -isystem /mnt/sda4/develop/rk3399/src/android-8.1/prebuilts/gcc/linux-x86/aarch64/aarch64-linux-android-4.9/bin/../lib/gcc/aarch64-linux-android/4.9.x/include -Iinclude  -I/mnt/sda4/develop/rk3399/src/android-8.1/u-boot/arch/arm/include -include /mnt/sda4/develop/rk3399/src/android-8.1/u-boot/include/linux/kconfig.h -D__KERNEL__ -D__UBOOT__ -DCONFIG_SYS_TEXT_BASE=0x00200000 -Wall -Wstrict-prototypes -Wno-format-security -fno-builtin -ffreestanding -Os -fno-stack-protector -g -fstack-usage -Wno-format-nonliteral -Werror=date-time -D__ARM__ -march=armv8-a -fno-pic -mgeneral-regs-only -mstrict-align -ffunction-sections -fdata-sections -fno-common -ffixed-r9 -fno-common -ffixed-x18 -pipe    -D"KBUILD_STR(s)=#s" -D"KBUILD_BASENAME=KBUILD_STR(fastboot)"  -D"KBUILD_MODNAME=KBUILD_STR(fastboot)" -c -o board/rockchip/common/rkboot/fastboot.o board/rockchip/common/rkboot/fastboot.c
   /mnt/sda4/develop/rk3399/src/android-8.1/u-boot/../prebuilts/gcc/linux-x86/aarch64/aarch64-linux-android-4.9/bin/aarch64-linux-android-ld.bfd     -r -o board/rockchip/common/built-in.o board/rockchip/common/platform/crc.o board/rockchip/common/platform/rsa.o board/rockchip/common/platform/sha.o board/rockchip/common/platform/rc4_enc.o board/rockchip/common/platform/ftl_std.o board/rockchip/common/platform/chipDepend.o board/rockchip/common/rkloader/parameter.o board/rockchip/common/rkloader/idblock.o board/rockchip/common/rkloader/rkloader.o board/rockchip/common/rkloader/rkimage.o board/rockchip/common/rkloader/key.o board/rockchip/common/rkloader/attestation_key.o board/rockchip/common/rkboot/fastboot.o board/rockchip/common/emmc/hw_MMC.o board/rockchip/common/emmc/hw_SD.o board/rockchip/common/emmc/hw_SDController.o board/rockchip/common/emmc/hw_SDM.o board/rockchip/common/emmc/hw_SDOsAdapt.o board/rockchip/common/emmc/hw_SDPlatAdapt.o board/rockchip/common/emmc/rpmb.o board/rockchip/common/sdhci/mmc.o board/rockchip/common/sdhci/sdhci.o board/rockchip/common/mediaboot/sdmmcBoot.o board/rockchip/common/mediaboot/sdhciBoot.o board/rockchip/common/SecureBoot/efuse.o board/rockchip/common/SecureBoot/crypto.o board/rockchip/common/SecureBoot/SecureBoot.o board/rockchip/common/SecureBoot/SecureVerify.o board/rockchip/common/storage/storage.o 
make -f scripts/Makefile.build obj=board/rockchip/rk33xx
  /mnt/sda4/develop/rk3399/src/android-8.1/u-boot/../prebuilts/gcc/linux-x86/aarch64/aarch64-linux-android-4.9/bin/aarch64-linux-android-gcc -Wp,-MD,board/rockchip/rk33xx/.rk33xx.o.d  -nostdinc -isystem /mnt/sda4/develop/rk3399/src/android-8.1/prebuilts/gcc/linux-x86/aarch64/aarch64-linux-android-4.9/bin/../lib/gcc/aarch64-linux-android/4.9.x/include -Iinclude  -I/mnt/sda4/develop/rk3399/src/android-8.1/u-boot/arch/arm/include -include /mnt/sda4/develop/rk3399/src/android-8.1/u-boot/include/linux/kconfig.h -D__KERNEL__ -D__UBOOT__ -DCONFIG_SYS_TEXT_BASE=0x00200000 -Wall -Wstrict-prototypes -Wno-format-security -fno-builtin -ffreestanding -Os -fno-stack-protector -g -fstack-usage -Wno-format-nonliteral -Werror=date-time -D__ARM__ -march=armv8-a -fno-pic -mgeneral-regs-only -mstrict-align -ffunction-sections -fdata-sections -fno-common -ffixed-r9 -fno-common -ffixed-x18 -pipe    -D"KBUILD_STR(s)=#s" -D"KBUILD_BASENAME=KBUILD_STR(rk33xx)"  -D"KBUILD_MODNAME=KBUILD_STR(rk33xx)" -c -o board/rockchip/rk33xx/rk33xx.o board/rockchip/rk33xx/rk33xx.c
   /mnt/sda4/develop/rk3399/src/android-8.1/u-boot/../prebuilts/gcc/linux-x86/aarch64/aarch64-linux-android-4.9/bin/aarch64-linux-android-ld.bfd     -r -o board/rockchip/rk33xx/built-in.o board/rockchip/rk33xx/rk33xx.o 
make -f scripts/Makefile.build obj=common
  /mnt/sda4/develop/rk3399/src/android-8.1/u-boot/../prebuilts/gcc/linux-x86/aarch64/aarch64-linux-android-4.9/bin/aarch64-linux-android-gcc -Wp,-MD,common/.main.o.d  -nostdinc -isystem /mnt/sda4/develop/rk3399/src/android-8.1/prebuilts/gcc/linux-x86/aarch64/aarch64-linux-android-4.9/bin/../lib/gcc/aarch64-linux-android/4.9.x/include -Iinclude  -I/mnt/sda4/develop/rk3399/src/android-8.1/u-boot/arch/arm/include -include /mnt/sda4/develop/rk3399/src/android-8.1/u-boot/include/linux/kconfig.h -D__KERNEL__ -D__UBOOT__ -DCONFIG_SYS_TEXT_BASE=0x00200000 -Wall -Wstrict-prototypes -Wno-format-security -fno-builtin -ffreestanding -Os -fno-stack-protector -g -fstack-usage -Wno-format-nonliteral -Werror=date-time -D__ARM__ -march=armv8-a -fno-pic -mgeneral-regs-only -mstrict-align -ffunction-sections -fdata-sections -fno-common -ffixed-r9 -fno-common -ffixed-x18 -pipe    -D"KBUILD_STR(s)=#s" -D"KBUILD_BASENAME=KBUILD_STR(main)"  -D"KBUILD_MODNAME=KBUILD_STR(main)" -c -o common/main.o common/main.c
  /mnt/sda4/develop/rk3399/src/android-8.1/u-boot/../prebuilts/gcc/linux-x86/aarch64/aarch64-linux-android-4.9/bin/aarch64-linux-android-gcc -Wp,-MD,common/.board_f.o.d  -nostdinc -isystem /mnt/sda4/develop/rk3399/src/android-8.1/prebuilts/gcc/linux-x86/aarch64/aarch64-linux-android-4.9/bin/../lib/gcc/aarch64-linux-android/4.9.x/include -Iinclude  -I/mnt/sda4/develop/rk3399/src/android-8.1/u-boot/arch/arm/include -include /mnt/sda4/develop/rk3399/src/android-8.1/u-boot/include/linux/kconfig.h -D__KERNEL__ -D__UBOOT__ -DCONFIG_SYS_TEXT_BASE=0x00200000 -Wall -Wstrict-prototypes -Wno-format-security -fno-builtin -ffreestanding -Os -fno-stack-protector -g -fstack-usage -Wno-format-nonliteral -Werror=date-time -D__ARM__ -march=armv8-a -fno-pic -mgeneral-regs-only -mstrict-align -ffunction-sections -fdata-sections -fno-common -ffixed-r9 -fno-common -ffixed-x18 -pipe    -D"KBUILD_STR(s)=#s" -D"KBUILD_BASENAME=KBUILD_STR(board_f)"  -D"KBUILD_MODNAME=KBUILD_STR(board_f)" -c -o common/board_f.o common/board_f.c
  /mnt/sda4/develop/rk3399/src/android-8.1/u-boot/../prebuilts/gcc/linux-x86/aarch64/aarch64-linux-android-4.9/bin/aarch64-linux-android-gcc -Wp,-MD,common/.cmd_version.o.d  -nostdinc -isystem /mnt/sda4/develop/rk3399/src/android-8.1/prebuilts/gcc/linux-x86/aarch64/aarch64-linux-android-4.9/bin/../lib/gcc/aarch64-linux-android/4.9.x/include -Iinclude  -I/mnt/sda4/develop/rk3399/src/android-8.1/u-boot/arch/arm/include -include /mnt/sda4/develop/rk3399/src/android-8.1/u-boot/include/linux/kconfig.h -D__KERNEL__ -D__UBOOT__ -DCONFIG_SYS_TEXT_BASE=0x00200000 -Wall -Wstrict-prototypes -Wno-format-security -fno-builtin -ffreestanding -Os -fno-stack-protector -g -fstack-usage -Wno-format-nonliteral -Werror=date-time -D__ARM__ -march=armv8-a -fno-pic -mgeneral-regs-only -mstrict-align -ffunction-sections -fdata-sections -fno-common -ffixed-r9 -fno-common -ffixed-x18 -pipe    -D"KBUILD_STR(s)=#s" -D"KBUILD_BASENAME=KBUILD_STR(cmd_version)"  -D"KBUILD_MODNAME=KBUILD_STR(cmd_version)" -c -o common/cmd_version.o common/cmd_version.c
  /mnt/sda4/develop/rk3399/src/android-8.1/u-boot/../prebuilts/gcc/linux-x86/aarch64/aarch64-linux-android-4.9/bin/aarch64-linux-android-gcc -Wp,-MD,common/.cmd_fastboot.o.d  -nostdinc -isystem /mnt/sda4/develop/rk3399/src/android-8.1/prebuilts/gcc/linux-x86/aarch64/aarch64-linux-android-4.9/bin/../lib/gcc/aarch64-linux-android/4.9.x/include -Iinclude  -I/mnt/sda4/develop/rk3399/src/android-8.1/u-boot/arch/arm/include -include /mnt/sda4/develop/rk3399/src/android-8.1/u-boot/include/linux/kconfig.h -D__KERNEL__ -D__UBOOT__ -DCONFIG_SYS_TEXT_BASE=0x00200000 -Wall -Wstrict-prototypes -Wno-format-security -fno-builtin -ffreestanding -Os -fno-stack-protector -g -fstack-usage -Wno-format-nonliteral -Werror=date-time -D__ARM__ -march=armv8-a -fno-pic -mgeneral-regs-only -mstrict-align -ffunction-sections -fdata-sections -fno-common -ffixed-r9 -fno-common -ffixed-x18 -pipe    -D"KBUILD_STR(s)=#s" -D"KBUILD_BASENAME=KBUILD_STR(cmd_fastboot)"  -D"KBUILD_MODNAME=KBUILD_STR(cmd_fastboot)" -c -o common/cmd_fastboot.o common/cmd_fastboot.c
  /mnt/sda4/develop/rk3399/src/android-8.1/u-boot/../prebuilts/gcc/linux-x86/aarch64/aarch64-linux-android-4.9/bin/aarch64-linux-android-gcc -Wp,-MD,common/.cmd_bootrk.o.d  -nostdinc -isystem /mnt/sda4/develop/rk3399/src/android-8.1/prebuilts/gcc/linux-x86/aarch64/aarch64-linux-android-4.9/bin/../lib/gcc/aarch64-linux-android/4.9.x/include -Iinclude  -I/mnt/sda4/develop/rk3399/src/android-8.1/u-boot/arch/arm/include -include /mnt/sda4/develop/rk3399/src/android-8.1/u-boot/include/linux/kconfig.h -D__KERNEL__ -D__UBOOT__ -DCONFIG_SYS_TEXT_BASE=0x00200000 -Wall -Wstrict-prototypes -Wno-format-security -fno-builtin -ffreestanding -Os -fno-stack-protector -g -fstack-usage -Wno-format-nonliteral -Werror=date-time -D__ARM__ -march=armv8-a -fno-pic -mgeneral-regs-only -mstrict-align -ffunction-sections -fdata-sections -fno-common -ffixed-r9 -fno-common -ffixed-x18 -pipe    -D"KBUILD_STR(s)=#s" -D"KBUILD_BASENAME=KBUILD_STR(cmd_bootrk)"  -D"KBUILD_MODNAME=KBUILD_STR(cmd_bootrk)" -c -o common/cmd_bootrk.o common/cmd_bootrk.c
   /mnt/sda4/develop/rk3399/src/android-8.1/u-boot/../prebuilts/gcc/linux-x86/aarch64/aarch64-linux-android-4.9/bin/aarch64-linux-android-ld.bfd     -r -o common/built-in.o common/main.o common/command.o common/exports.o common/hash.o common/cli_hush.o common/cli_simple.o common/cli.o common/cli_readline.o common/autoboot.o common/board_f.o common/board_r.o common/board_info.o common/cmd_boot.o common/cmd_bootm.o common/bootm.o common/bootm_os.o common/cmd_help.o common/cmd_version.o common/env_attr.o common/env_callback.o common/env_flags.o common/env_rk.o common/cmd_bmp.o common/cmd_exit.o common/cmd_fdt.o common/fdt_support.o common/cmd_fastboot.o common/cmd_bootrk.o common/cmd_rockusb.o common/resource.o common/flash.o common/edid.o common/splash.o common/lcd.o common/cmd_nvedit.o common/env_common.o common/console.o common/dlmalloc.o common/image.o common/image-fdt.o common/memsize.o common/stdio.o 
make -f scripts/Makefile.build obj=disk
make -f scripts/Makefile.build obj=drivers
make -f scripts/Makefile.build obj=drivers/block
make -f scripts/Makefile.build obj=drivers/crypto
make -f scripts/Makefile.build obj=drivers/dfu
make -f scripts/Makefile.build obj=drivers/hwmon
make -f scripts/Makefile.build obj=drivers/input
make -f scripts/Makefile.build obj=drivers/memory
make -f scripts/Makefile.build obj=drivers/misc
make -f scripts/Makefile.build obj=drivers/pcmcia
make -f scripts/Makefile.build obj=drivers/pwm
make -f scripts/Makefile.build obj=drivers/rtc
make -f scripts/Makefile.build obj=drivers/sound
make -f scripts/Makefile.build obj=drivers/tpm
make -f scripts/Makefile.build obj=drivers/twserial
make -f scripts/Makefile.build obj=drivers/video
make -f scripts/Makefile.build obj=drivers/video/backlight
make -f scripts/Makefile.build obj=drivers/video/drm
make -f scripts/Makefile.build obj=drivers/video/screen
make -f scripts/Makefile.build obj=drivers/video/transmitter
make -f scripts/Makefile.build obj=drivers/watchdog
make -f scripts/Makefile.build obj=drivers/dma
make -f scripts/Makefile.build obj=drivers/gpio
make -f scripts/Makefile.build obj=drivers/i2c
make -f scripts/Makefile.build obj=drivers/mmc
make -f scripts/Makefile.build obj=drivers/mtd
make -f scripts/Makefile.build obj=drivers/mtd/onenand
make -f scripts/Makefile.build obj=drivers/mtd/spi
make -f scripts/Makefile.build obj=drivers/net
make -f scripts/Makefile.build obj=drivers/net/phy
make -f scripts/Makefile.build obj=drivers/pci
make -f scripts/Makefile.build obj=drivers/power
make -f scripts/Makefile.build obj=drivers/power/battery
make -f scripts/Makefile.build obj=drivers/power/charge
make -f scripts/Makefile.build obj=drivers/power/fuel_gauge
make -f scripts/Makefile.build obj=drivers/power/mfd
make -f scripts/Makefile.build obj=drivers/power/pmic
make -f scripts/Makefile.build obj=drivers/serial
make -f scripts/Makefile.build obj=drivers/spi
make -f scripts/Makefile.build obj=drivers/usb/eth
make -f scripts/Makefile.build obj=drivers/usb/gadget
make -f scripts/Makefile.build obj=drivers/usb/host
make -f scripts/Makefile.build obj=drivers/usb/musb-new
make -f scripts/Makefile.build obj=drivers/usb/musb
make -f scripts/Makefile.build obj=drivers/usb/phy
make -f scripts/Makefile.build obj=drivers/usb/ulpi
make -f scripts/Makefile.build obj=fs
make -f scripts/Makefile.build obj=fs/fat
make -f scripts/Makefile.build obj=lib
  /mnt/sda4/develop/rk3399/src/android-8.1/u-boot/../prebuilts/gcc/linux-x86/aarch64/aarch64-linux-android-4.9/bin/aarch64-linux-android-gcc -Wp,-MD,lib/.display_options.o.d  -nostdinc -isystem /mnt/sda4/develop/rk3399/src/android-8.1/prebuilts/gcc/linux-x86/aarch64/aarch64-linux-android-4.9/bin/../lib/gcc/aarch64-linux-android/4.9.x/include -Iinclude  -I/mnt/sda4/develop/rk3399/src/android-8.1/u-boot/arch/arm/include -include /mnt/sda4/develop/rk3399/src/android-8.1/u-boot/include/linux/kconfig.h -D__KERNEL__ -D__UBOOT__ -DCONFIG_SYS_TEXT_BASE=0x00200000 -Wall -Wstrict-prototypes -Wno-format-security -fno-builtin -ffreestanding -Os -fno-stack-protector -g -fstack-usage -Wno-format-nonliteral -Werror=date-time -D__ARM__ -march=armv8-a -fno-pic -mgeneral-regs-only -mstrict-align -ffunction-sections -fdata-sections -fno-common -ffixed-r9 -fno-common -ffixed-x18 -pipe    -D"KBUILD_STR(s)=#s" -D"KBUILD_BASENAME=KBUILD_STR(display_options)"  -D"KBUILD_MODNAME=KBUILD_STR(display_options)" -c -o lib/display_options.o lib/display_options.c
make -f scripts/Makefile.build obj=lib/optee_clientApi
   /mnt/sda4/develop/rk3399/src/android-8.1/u-boot/../prebuilts/gcc/linux-x86/aarch64/aarch64-linux-android-4.9/bin/aarch64-linux-android-ld.bfd     -r -o lib/built-in.o lib/crc7.o lib/crc8.o lib/crc16.o lib/fdtdec_common.o lib/fdtdec.o lib/initcall.o lib/lmb.o lib/ldiv.o lib/net_utils.o lib/qsort.o lib/sha256.o lib/strmhz.o lib/list_sort.o lib/hashtable.o lib/errno.o lib/display_options.o lib/crc32.o lib/crc32_rk.o lib/ctype.o lib/div64.o lib/hang.o lib/linux_compat.o lib/linux_string.o lib/string.o lib/time.o lib/vsprintf.o lib/rand.o lib/optee_clientApi/built-in.o 
make -f scripts/Makefile.build obj=lib/libfdt
make -f scripts/Makefile.build obj=net
make -f scripts/Makefile.build obj=test
make -f scripts/Makefile.build obj=test/dm
make -f scripts/Makefile.build obj=examples
make -f scripts/Makefile.build obj=examples/standalone
  /mnt/sda4/develop/rk3399/src/android-8.1/u-boot/../prebuilts/gcc/linux-x86/aarch64/aarch64-linux-android-4.9/bin/aarch64-linux-android-ld.bfd   -pie  --gc-sections -Bstatic -Ttext 0x00200000 -o u-boot -T u-boot.lds arch/arm/cpu/armv8/start.o --start-group  arch/arm/cpu/built-in.o  arch/arm/cpu/armv8/built-in.o  arch/arm/cpu/armv8/rk33xx/built-in.o  arch/arm/lib/built-in.o  board/rockchip/common/built-in.o  board/rockchip/rk33xx/built-in.o  common/built-in.o  disk/built-in.o  drivers/built-in.o  drivers/dma/built-in.o  drivers/gpio/built-in.o  drivers/i2c/built-in.o  drivers/mmc/built-in.o  drivers/mtd/built-in.o  drivers/mtd/onenand/built-in.o  drivers/mtd/spi/built-in.o  drivers/net/built-in.o  drivers/net/phy/built-in.o  drivers/pci/built-in.o  drivers/power/built-in.o  drivers/power/battery/built-in.o  drivers/power/charge/built-in.o  drivers/power/fuel_gauge/built-in.o  drivers/power/mfd/built-in.o  drivers/power/pmic/built-in.o  drivers/serial/built-in.o  drivers/spi/built-in.o  drivers/usb/eth/built-in.o  drivers/usb/gadget/built-in.o  drivers/usb/host/built-in.o  drivers/usb/musb-new/built-in.o  drivers/usb/musb/built-in.o  drivers/usb/phy/built-in.o  drivers/usb/ulpi/built-in.o  fs/built-in.o  lib/built-in.o  lib/libfdt/built-in.o  net/built-in.o  test/built-in.o  test/dm/built-in.o --end-group -L /mnt/sda4/develop/rk3399/src/android-8.1/prebuilts/gcc/linux-x86/aarch64/aarch64-linux-android-4.9/bin/../lib/gcc/aarch64-linux-android/4.9.x -lgcc -Map u-boot.map
  /mnt/sda4/develop/rk3399/src/android-8.1/u-boot/../prebuilts/gcc/linux-x86/aarch64/aarch64-linux-android-4.9/bin/aarch64-linux-android-objcopy  -j .text -j .rodata -j .data -j .u_boot_list -j .rela.dyn -j .loader_tag --gap-fill=0xff -O binary u-boot u-boot.bin
start=$(/mnt/sda4/develop/rk3399/src/android-8.1/u-boot/../prebuilts/gcc/linux-x86/aarch64/aarch64-linux-android-4.9/bin/aarch64-linux-android-nm u-boot | grep __rel_dyn_start | cut -f 1 -d ' '); end=$(/mnt/sda4/develop/rk3399/src/android-8.1/u-boot/../prebuilts/gcc/linux-x86/aarch64/aarch64-linux-android-4.9/bin/aarch64-linux-android-nm u-boot | grep __rel_dyn_end | cut -f 1 -d ' '); tools/relocate-rela u-boot.bin 0x00200000 $start $end
./tools/boot_merger ./tools/rk_tools/RKBOOT/RK3399MINIALL.ini
out:rk3399_loader_v1.15.115.bin
fix opt:rk3399_loader_v1.15.115.bin
merge success(rk3399_loader_v1.15.115.bin)
./tools/trust_merger   ./tools/rk_tools/RKTRUST/RK3399TRUST.ini
out:trust.img
merge success(trust.img)
./tools/loaderimage --pack --uboot u-boot.bin uboot.img

 load addr is 0x200000!
pack input u-boot.bin 
pack file size: 696980 
crc = 0xd1ba9dd8
pack uboot.img success! 
  /mnt/sda4/develop/rk3399/src/android-8.1/u-boot/../prebuilts/gcc/linux-x86/aarch64/aarch64-linux-android-4.9/bin/aarch64-linux-android-objcopy  -j .text -j .rodata -j .data -j .u_boot_list -j .rela.dyn -j .loader_tag --gap-fill=0xff -O srec u-boot u-boot.srec
